c:\users\goshan\source\repos\4uno\x64\debug static\vc141.pdb
c:\users\goshan\source\repos\4uno\x64\debug static\vc141.idb
c:\users\goshan\source\repos\4uno\x64\debug static\secondscene.obj
c:\users\goshan\source\repos\4uno\x64\debug static\stackedevent.obj
c:\users\goshan\source\repos\4uno\x64\debug static\scene.obj
c:\users\goshan\source\repos\4uno\x64\debug static\main.obj
c:\users\goshan\source\repos\4uno\x64\debug static\app.obj
c:\users\goshan\source\repos\4uno\x64\debug static\mainscene.obj
c:\users\goshan\source\repos\4uno\x64\debug static\text.obj
c:\users\goshan\source\repos\4uno\x64\debug static\globals.obj
c:\users\goshan\source\repos\4uno\x64\debug static\scenemanager.obj
c:\users\goshan\source\repos\4uno\x64\debug static\4uno.ilk
c:\users\goshan\source\repos\4uno\x64\debug static\4uno.exe
c:\users\goshan\source\repos\4uno\x64\debug static\4uno.pdb
c:\users\goshan\source\repos\4uno\x64\debug static\4uno.tlog\cl.command.1.tlog
c:\users\goshan\source\repos\4uno\x64\debug static\4uno.tlog\cl.read.1.tlog
c:\users\goshan\source\repos\4uno\x64\debug static\4uno.tlog\cl.write.1.tlog
c:\users\goshan\source\repos\4uno\x64\debug static\4uno.tlog\link.command.1.tlog
c:\users\goshan\source\repos\4uno\x64\debug static\4uno.tlog\link.read.1.tlog
c:\users\goshan\source\repos\4uno\x64\debug static\4uno.tlog\link.write.1.tlog
